#
# There is insufficient memory for the Java Runtime Environment to continue.
# Native memory allocation (mmap) failed to map 132120576 bytes for G1 virtual space
# Possible reasons:
#   The system is out of physical RAM or swap space
#   The process is running with CompressedOops enabled, and the Java Heap may be blocking the growth of the native heap
# Possible solutions:
#   Reduce memory load on the system
#   Increase physical memory or swap space
#   Check if swap backing store is full
#   Decrease Java heap size (-Xmx/-Xms)
#   Decrease number of Java threads
#   Decrease Java thread stack sizes (-Xss)
#   Set larger code cache with -XX:ReservedCodeCacheSize=
#   JVM is running with Unscaled Compressed Oops mode in which the Java heap is
#     placed in the first 4GB address space. The Java Heap base address is the
#     maximum limit for the native heap growth. Please use -XX:HeapBaseMinAddress
#     to set the Java Heap base and to place the Java Heap above 4GB virtual address.
# This output file may be truncated or incomplete.
#
#  Out of Memory Error (os_windows.cpp:3771), pid=10676, tid=5008
#
# JRE version:  (17.0.7+7) (build )
# Java VM: OpenJDK 64-Bit Server VM (17.0.7+7-b1000.6, mixed mode, sharing, tiered, compressed oops, compressed class ptrs, g1 gc, windows-amd64)
# No core dump will be written. Minidumps are not enabled by default on client versions of Windows
#

---------------  S U M M A R Y ------------

Command Line: git4idea.http.GitAskPassApp Username for 'https://github.com': 

Host: Intel(R) Core(TM) i5-10300H CPU @ 2.50GHz, 8 cores, 7G,  Windows 10 , 64 bit Build 19041 (10.0.19041.4842)
Time: Sat Nov 15 18:02:19 2025 RTZ 2 (s 10 , 64 bit Build 19041 (10.0.19041.4842) elapsed time: 0.006805 seconds (0d 0h 0m 0s)

---------------  T H R E A D  ---------------

Current thread (0x00000138310a72a0):  JavaThread "Unknown thread" [_thread_in_vm, id=5008, stack(0x00000022a2500000,0x00000022a2600000)]

Stack: [0x00000022a2500000,0x00000022a2600000]
Native frames: (J=compiled Java code, j=interpreted, Vv=VM code, C=native code)
V  [jvm.dll+0x683bfa]
V  [jvm.dll+0x8430a4]
V  [jvm.dll+0x8449be]
V  [jvm.dll+0x845023]
V  [jvm.dll+0x24ad2f]
V  [jvm.dll+0x680ac9]
V  [jvm.dll+0x67519a]
V  [jvm.dll+0x30b3cb]
V  [jvm.dll+0x312876]
V  [jvm.dll+0x36221e]
V  [jvm.dll+0x36244f]
V  [jvm.dll+0x2e14a8]
V  [jvm.dll+0x2e2414]
V  [jvm.dll+0x814391]
V  [jvm.dll+0x36ffe1]
V  [jvm.dll+0x7f396c]
V  [jvm.dll+0x3f305f]
V  [jvm.dll+0x3f4b91]
C  [jli.dll+0x528f]
C  [ucrtbase.dll+0x21bb2]
C  [KERNEL32.DLL+0x17374]
C  [ntdll.dll+0x4cc91]


---------------  P R O C E S S  ---------------

Threads class SMR info:
_java_thread_list=0x00007ffc5c43d098, length=0, elements={
}

Java Threads: ( => current thread )

Other Threads:
  0x0000013831101550 GCTaskThread "GC Thread#0" [stack: 0x00000022a2600000,0x00000022a2700000] [id=21872]
  0x0000013831111fa0 ConcurrentGCThread "G1 Main Marker" [stack: 0x00000022a2700000,0x00000022a2800000] [id=21164]
  0x0000013831113060 ConcurrentGCThread "G1 Conc#0" [stack: 0x00000022a2800000,0x00000022a2900000] [id=11840]

[error occurred during error reporting (printing all threads), id 0xc0000005, EXCEPTION_ACCESS_VIOLATION (0xc0000005) at pc=0x00007ffc5bbf2087]

VM state: not at safepoint (not fully initialized)

VM Mutex/Monitor currently owned by a thread:  ([mutex/lock_event])
[0x00000138310a1f70] Heap_lock - owner thread: 0x00000138310a72a0

Heap address: 0x0000000082000000, size: 2016 MB, Compressed Oops mode: 32-bit

CDS archive(s) mapped at: [0x0000000000000000-0x0000000000000000-0x0000000000000000), size 0, SharedBaseAddress: 0x0000000800000000, ArchiveRelocationMode: 0.
Narrow klass base: 0x0000000000000000, Narrow klass shift: 0, Narrow klass range: 0x0

GC Precious Log:
<Empty>

Heap:
 garbage-first heap   total 0K, used 0K [0x0000000082000000, 0x0000000100000000)
  region size 1024K, 0 young (0K), 0 survivors (0K)
 Metaspace       used 0K, committed 0K, reserved 0K
  class space    used 0K, committed 0K, reserved 0K

Heap Regions: E=young(eden), S=young(survivor), O=old, HS=humongous(starts), HC=humongous(continues), CS=collection set, F=free, OA=open archive, CA=closed archive, TAMS=top-at-mark-start (previous, next)

Card table byte_map: [0x0000013843f40000,0x0000013844330000] _byte_map_base: 0x0000013843b30000

Marking Bits (Prev, Next): (CMBitMap*) 0x0000013831101a70, (CMBitMap*) 0x0000013831101ab0
 Prev Bits: [0x0000013844720000, 0x00000138466a0000)
 Next Bits: [0x00000138466a0000, 0x0000013848620000)

GC Heap History (0 events):
No events

Dll operation events (1 events):
Event: 0.004 Loaded shared library D:\Programms\WebStorm 2023.2\jbr\bin\java.dll

Deoptimization events (0 events):
No events

Classes unloaded (0 events):
No events

Classes redefined (0 events):
No events

Internal exceptions (0 events):
No events

VM Operations (0 events):
No events

Events (0 events):
No events


Dynamic libraries:
0x00007ff6d77a0000 - 0x00007ff6d77aa000 	D:\Programms\WebStorm 2023.2\jbr\bin\java.exe
0x00007ffcd9f90000 - 0x00007ffcda188000 	C:\Windows\SYSTEM32\ntdll.dll
0x00007ffcd94e0000 - 0x00007ffcd95a1000 	C:\Windows\System32\KERNEL32.DLL
0x00007ffcd7ad0000 - 0x00007ffcd7dcd000 	C:\Windows\System32\KERNELBASE.dll
0x00007ffcd78a0000 - 0x00007ffcd79a0000 	C:\Windows\System32\ucrtbase.dll
0x00007ffcd2c40000 - 0x00007ffcd2c57000 	D:\Programms\WebStorm 2023.2\jbr\bin\jli.dll
0x00007ffcafad0000 - 0x00007ffcafaeb000 	D:\Programms\WebStorm 2023.2\jbr\bin\VCRUNTIME140.dll
0x00007ffcd8460000 - 0x00007ffcd85fd000 	C:\Windows\System32\USER32.dll
0x00007ffcd7aa0000 - 0x00007ffcd7ac2000 	C:\Windows\System32\win32u.dll
0x00007ffcd6970000 - 0x00007ffcd6c0a000 	C:\Windows\WinSxS\amd64_microsoft.windows.common-controls_6595b64144ccf1df_6.0.19041.4355_none_60b8b9eb71f62e16\COMCTL32.dll
0x00007ffcd8090000 - 0x00007ffcd80bb000 	C:\Windows\System32\GDI32.dll
0x00007ffcd9be0000 - 0x00007ffcd9c7e000 	C:\Windows\System32\msvcrt.dll
0x00007ffcd7e70000 - 0x00007ffcd7f87000 	C:\Windows\System32\gdi32full.dll
0x00007ffcd7dd0000 - 0x00007ffcd7e6d000 	C:\Windows\System32\msvcp_win.dll
0x00007ffcd8060000 - 0x00007ffcd808f000 	C:\Windows\System32\IMM32.DLL
0x00007ffcd2c80000 - 0x00007ffcd2c8c000 	D:\Programms\WebStorm 2023.2\jbr\bin\vcruntime140_1.dll
0x00007ffc5ffe0000 - 0x00007ffc6006d000 	D:\Programms\WebStorm 2023.2\jbr\bin\msvcp140.dll
0x00007ffc5b900000 - 0x00007ffc5c580000 	D:\Programms\WebStorm 2023.2\jbr\bin\server\jvm.dll
0x00007ffcd9ea0000 - 0x00007ffcd9f50000 	C:\Windows\System32\ADVAPI32.dll
0x00007ffcd9e00000 - 0x00007ffcd9ea0000 	C:\Windows\System32\sechost.dll
0x00007ffcd8170000 - 0x00007ffcd8293000 	C:\Windows\System32\RPCRT4.dll
0x00007ffcd7f90000 - 0x00007ffcd7fb7000 	C:\Windows\System32\bcrypt.dll
0x00007ffccb100000 - 0x00007ffccb127000 	C:\Windows\SYSTEM32\WINMM.dll
0x00007ffcd06f0000 - 0x00007ffcd06f9000 	C:\Windows\SYSTEM32\WSOCK32.dll
0x00007ffcd1de0000 - 0x00007ffcd1dea000 	C:\Windows\SYSTEM32\VERSION.dll
0x00007ffcd9d90000 - 0x00007ffcd9dfb000 	C:\Windows\System32\WS2_32.dll
0x00007ffcd57a0000 - 0x00007ffcd57b2000 	C:\Windows\SYSTEM32\kernel.appcore.dll
0x00007ffcd3320000 - 0x00007ffcd332a000 	D:\Programms\WebStorm 2023.2\jbr\bin\jimage.dll
0x00007ffcd7040000 - 0x00007ffcd7224000 	C:\Windows\SYSTEM32\DBGHELP.DLL
0x00007ffcd6dd0000 - 0x00007ffcd6e04000 	C:\Windows\SYSTEM32\dbgcore.DLL
0x00007ffcd7640000 - 0x00007ffcd76c2000 	C:\Windows\System32\bcryptPrimitives.dll
0x00007ffcbcbc0000 - 0x00007ffcbcbe5000 	D:\Programms\WebStorm 2023.2\jbr\bin\java.dll

dbghelp: loaded successfully - version: 4.0.5 - missing functions: none
symbol engine: initialized successfully - sym options: 0x614 - pdb path: .;D:\Programms\WebStorm 2023.2\jbr\bin;C:\Windows\SYSTEM32;C:\Windows\WinSxS\amd64_microsoft.windows.common-controls_6595b64144ccf1df_6.0.19041.4355_none_60b8b9eb71f62e16;D:\Programms\WebStorm 2023.2\jbr\bin\server

VM Arguments:
java_command: git4idea.http.GitAskPassApp Username for 'https://github.com': 
java_class_path (initial): D:/Programms/WebStorm 2023.2/plugins/vcs-git/lib/git4idea-rt.jar;D:/Programms/WebStorm 2023.2/lib/externalProcess-rt.jar
Launcher Type: SUN_STANDARD

[Global flags]
     intx CICompilerCount                          = 4                                         {product} {ergonomic}
     uint ConcGCThreads                            = 2                                         {product} {ergonomic}
     uint G1ConcRefinementThreads                  = 8                                         {product} {ergonomic}
   size_t G1HeapRegionSize                         = 1048576                                   {product} {ergonomic}
    uintx GCDrainStackTargetSize                   = 64                                        {product} {ergonomic}
   size_t InitialHeapSize                          = 132120576                                 {product} {ergonomic}
   size_t MarkStackSize                            = 4194304                                   {product} {ergonomic}
   size_t MaxHeapSize                              = 2113929216                                {product} {ergonomic}
   size_t MinHeapDeltaBytes                        = 1048576                                   {product} {ergonomic}
   size_t MinHeapSize                              = 8388608                                   {product} {ergonomic}
    uintx NonNMethodCodeHeapSize                   = 5839372                                {pd product} {ergonomic}
    uintx NonProfiledCodeHeapSize                  = 122909434                              {pd product} {ergonomic}
    uintx ProfiledCodeHeapSize                     = 122909434                              {pd product} {ergonomic}
    uintx ReservedCodeCacheSize                    = 251658240                              {pd product} {ergonomic}
     bool SegmentedCodeCache                       = true                                      {product} {ergonomic}
   size_t SoftMaxHeapSize                          = 2113929216                             {manageable} {ergonomic}
     bool UseCompressedClassPointers               = true                           {product lp64_product} {ergonomic}
     bool UseCompressedOops                        = true                           {product lp64_product} {ergonomic}
     bool UseG1GC                                  = true                                      {product} {ergonomic}
     bool UseLargePagesIndividualAllocation        = false                                  {pd product} {ergonomic}

Logging:
Log output configuration:
 #0: stdout all=warning uptime,level,tags
 #1: stderr all=off uptime,level,tags

Environment Variables:
JAVA_HOME=C:\Program Files\Java\jdk-21
PATH=C:\Program Files\Git\mingw64\libexec\git-core;C:\Program Files\Git\mingw64\libexec\git-core;C:\Program Files\Git\mingw64\bin;C:\Program Files\Git\usr\bin;C:\Users\markg\bin;C:\Python314\Scripts;C:\Python314;C:\Program Files\Common Files\Oracle\Java\javapath;C:\Program Files (x86)\Common Files\Oracle\Java\java8path;C:\Program Files (x86)\Common Files\Oracle\Java\javapath;C:\Python311\Scripts;C:\Python311;C:\ProgramData\Oracle\Java\javapath;C:\Windows\system32;C:\Windows;C:\Windows\System32\Wbem;C:\Windows\System32\WindowsPowerShell\v1.0;C:\Windows\System32\OpenSSH;C:\Program Files (x86)\NVIDIA Corporation\PhysX\Common;C:\Program Files\Git\cmd;C:\ProgramData\chocolatey\bin;C:\Program Files (x86)\mingw-w64\i686-8.1.0-posix-dwarf-rt_v6-rev0\mingw32\bin;D:\Programms\msys64\mingw64\bin;D:\Programms\nodejs;D:\Programms\Tesseract-OCR;C:\Program Files\CMake\bin;D:\Programms\nodeJS;D:\Programms\cursor\resources\app\bin;C:\Users\markg\AppData\Local\Programs\Python\Python310\Scripts;C:\Users\markg\AppData\Local\Programs\Python\Python310;C:\Users\markg\AppData\Local\Microsoft\WindowsApps;D:\Programms\PyCharm 2024.1.6\bin;D:\Programms\CLion 2024.1.5\bin;C:\Users\markg\AppData\Local\JetBrains\PyCharm Community Edition 2022.3.2\bin;D:\Programms\msys64\mingw64\bin;D:\Programms\nodejs;D:\Programms\WebStorm 2023.2\bin;D:\Programms\IntelliJ IDEA 2023.2.1\bin;C:\Users\markg\AppData\Local\GitHubDesktop\bin;D:\Programms\MongoDB\Server\7.0\bin;C:\ProgramData\chocolatey\lib\poppler\tools\Library\bin;D:\Programms\Poppler\Library\bin;D:\Programms\Tesseract-OCR;C:\Program Files\OpenSSL-Win64\bin;C:\Users\markg\AppData\Roaming\npm
USERNAME=markg
DISPLAY=:0.0
LC_ALL=en_US.UTF-8
TERM=cygwin
TMPDIR=C:\Users\markg\AppData\Local\Temp
OS=Windows_NT
PROCESSOR_IDENTIFIER=Intel64 Family 6 Model 165 Stepping 2, GenuineIntel
TMP=C:\Users\markg\AppData\Local\Temp
TEMP=C:\Users\markg\AppData\Local\Temp


JNI global refs:
JNI global refs: 0, weak refs: 0

JNI global refs memory usage: 0, weak refs: 0

OOME stack traces (most recent first):
Classloader memory used:


---------------  S Y S T E M  ---------------

OS:
 Windows 10 , 64 bit Build 19041 (10.0.19041.4842)
OS uptime: 7 days 19:53 hours
Hyper-V role detected

CPU: total 8 (initial active 8) (4 cores per cpu, 2 threads per core) family 6 model 165 stepping 2 microcode 0xea, cx8, cmov, fxsr, ht, mmx, 3dnowpref, sse, sse2, sse3, ssse3, sse4.1, sse4.2, popcnt, lzcnt, tsc, tscinvbit, avx, avx2, aes, erms, clmul, bmi1, bmi2, adx, fma, vzeroupper, clflush, clflushopt, hv

Memory: 4k page, system-wide physical 8059M (725M free)
TotalPageFile size 24059M (AvailPageFile size 109M)
current process WorkingSet (physical memory assigned to process): 11M, peak: 11M
current process commit charge ("private bytes"): 60M, peak: 186M

vm_info: OpenJDK 64-Bit Server VM (17.0.7+7-b1000.6) for windows-amd64 JRE (17.0.7+7-b1000.6), built on 2023-07-07 by "builduser" with MS VC++ 16.10 / 16.11 (VS2019)

END.
